<?xml version="1.0" encoding="UTF-8"?>
<testsuite name="com.datorium.Datorium.API.DatoriumApiApplicationTests" tests="1" skipped="0" failures="0" errors="0" timestamp="2024-07-11T16:23:23" hostname="FYODIYA" time="3.034">
  <properties/>
  <testcase name="contextLoads()" classname="com.datorium.Datorium.API.DatoriumApiApplicationTests" time="3.034"/>
  <system-out><![CDATA[19:23:17.661 [Test worker] INFO org.springframework.test.context.support.AnnotationConfigContextLoaderUtils -- Could not detect default configuration classes for test class [com.datorium.Datorium.API.DatoriumApiApplicationTests]: DatoriumApiApplicationTests does not declare any static, non-private, non-final, nested classes annotated with @Configuration.
19:23:17.946 [Test worker] INFO org.springframework.boot.test.context.SpringBootTestContextBootstrapper -- Found @SpringBootConfiguration com.datorium.Datorium.API.DatoriumApiApplication for test class com.datorium.Datorium.API.DatoriumApiApplicationTests

  .   ____          _            __ _ _
 /\\ / ___'_ __ _ _(_)_ __  __ _ \ \ \ \
( ( )\___ | '_ | '_| | '_ \/ _` | \ \ \ \
 \\/  ___)| |_)| | | | | || (_| |  ) ) ) )
  '  |____| .__|_| |_|_| |_\__, | / / / /
 =========|_|==============|___/=/_/_/_/

 :: Spring Boot ::                (v3.3.1)

2024-07-11T19:23:19.644+03:00  INFO 16696 --- [Datorium-API] [    Test worker] c.d.D.API.DatoriumApiApplicationTests    : Starting DatoriumApiApplicationTests using Java 17 with PID 16696 (started by fyodiya in C:\Users\eafjo\Downloads\Datorium-API_another\Datorium-API)
2024-07-11T19:23:19.648+03:00  INFO 16696 --- [Datorium-API] [    Test worker] c.d.D.API.DatoriumApiApplicationTests    : No active profile set, falling back to 1 default profile: "default"
2024-07-11T19:23:23.918+03:00  INFO 16696 --- [Datorium-API] [    Test worker] c.d.D.API.DatoriumApiApplicationTests    : Started DatoriumApiApplicationTests in 5.571 seconds (process running for 10.471)
]]></system-out>
  <system-err><![CDATA[]]></system-err>
</testsuite>
